New Test Started on Monday, Oct 31 2022 09:19 AM
(╯°□°）╯︵ ┻━┻
WinXI v2.2.0 Alpha (221031)
SystemOS: Windows 11 Pro (Kernel: 10.0.22621.1)
Bitness: x64
Culture: en-GB
INI: Present
Winsat EXE v10.0.22621.1
Winsat API v10.0.22621.674
Tests: DWM (DX9), Processor, Memory, Disk
Mode: Normal
Validity Int: 3
Windows System Assessment Tool
> Command Line '"winsat" formal -v'
> Running the Formal Assessment
> DWM running... turnning DWM off
> Running: Feature Enumeration ''
> Gathering System Information
> Run Time 00:00:00.00
> Operating System                        : 10.0 Build-22622
> Processor                               : AMD Ryzen 5 5600X 6-Core Processor             
> Running: WinSAT Direct3D Assessment '-aname DWM -time 10 -fbc 10 -disp off -normalw 1 -alphaw 2 -width 1280 -height 1024 -winwidth C(1144) -winheight C(915) -rendertotex 6 -rtdelta 3 -nolock'
> Assessing Desktop Graphics Performance
> TSC Frequency                           : 3700400000
> Number of Processors                    : 1
Entering function SimpleDWM::SimpleDWMState::ProcessCommandLine
Entering function D3DCommon::DX9Init
> Number of Cores                         : 6
> Number of CPUs                          : 12
> Number of Cores per Processor           : 6
> Number of CPUs Per Core                 : 2
> Cores have logical CPUs                 : YES
Entering function D3DCommon::CreateQueries
Entering function D3DCommon::FreeQueries
> L1 Cache and line Size                  : 32768  64
> L2 Cache and line Size                  : 524288  64
> L3 Cache and line Size                  : 33554432  64
> Total physical mem available to the OS  : 15.8 GB (17,072,844,800 bytes)
> Adapter Description                     : NVIDIA GeForce GTX 1080
> Adapter Manufacturer                    : NVIDIA
> Adapter Driver Provider                 : NVIDIA
> Adapter Driver Version                  : 31.0.15.2225
> Adapter Driver Date (yy/mm/dd)          : 2022\10\6
> Has DX9 or better                       : Yes
> Has Pixel shader 2.0 or better          : Yes
> Has LDDM Driver                         : Yes
> Dedicated (local) video memory          : 8079MB
Entering function `anonymous-namespace'::OnCreateDeviceToTexture
> System memory dedicated as video memory : 0MB
Entering function `anonymous-namespace'::OnCreateDevice
> System memory shared as video memory    : 8140.97MB
Entering function D3DCommon::CreateQueries
Entering function `anonymous-namespace'::OnResetDeviceToTexture
> Primary Monitor Size                    : 2048 X 1152  (2359296 total pixels)
> WinSAT is Official                       : Yes
Entering function `anonymous-namespace'::OnResetDevice
Entering function `anonymous-namespace'::OnLostDeviceToTexture
Entering function `anonymous-namespace'::OnLostDevice
Entering function D3DCommon::FreeQueries
Entering function D3DCommon::CreateQueries
Entering function `anonymous-namespace'::OnResetDeviceToTexture
Entering function `anonymous-namespace'::OnResetDevice
Test interruped by user
Stopping ProcessWatcher...
ProcessWatcher stopped
WinSAT wait...
WinSAT shutdown complete
Process finished
'(ヘ･_･)ヘ┳━┳
New Test Started on Monday, Oct 31 2022 09:19 AM
(╯°□°）╯︵ ┻━┻
WinXI v2.2.0 Alpha (221031)
SystemOS: Windows 11 Pro (Kernel: 10.0.22621.1)
Bitness: x64
Culture: en-GB
INI: Present
Winsat EXE v10.0.22621.1
Winsat API v10.0.22621.674
Tests: DWM (DX9), Processor, Memory, Disk
Mode: Verbose
Validity Int: 3
Windows System Assessment Tool
> Command Line '"winsat" formal -v'
> Running the Formal Assessment
> DWM running... turnning DWM off
> Running: Feature Enumeration ''
> Gathering System Information
> Operating System                        : 10.0 Build-22622
> Run Time 00:00:00.00
> Processor                               : AMD Ryzen 5 5600X 6-Core Processor             
> Running: WinSAT Direct3D Assessment '-aname DWM -time 10 -fbc 10 -disp off -normalw 1 -alphaw 2 -width 1280 -height 1024 -winwidth C(1144) -winheight C(915) -rendertotex 6 -rtdelta 3 -nolock'
> Assessing Desktop Graphics Performance
> TSC Frequency                           : 3700300000
> Number of Processors                    : 1
Entering function SimpleDWM::SimpleDWMState::ProcessCommandLine
Entering function D3DCommon::DX9Init
> Number of Cores                         : 6
> Number of CPUs                          : 12
> Number of Cores per Processor           : 6
Entering function D3DCommon::CreateQueries
> Number of CPUs Per Core                 : 2
Entering function D3DCommon::FreeQueries
> Cores have logical CPUs                 : YES
> L1 Cache and line Size                  : 32768  64
> L2 Cache and line Size                  : 524288  64
> L3 Cache and line Size                  : 33554432  64
> Total physical mem available to the OS  : 15.8 GB (17,072,844,800 bytes)
> Adapter Description                     : NVIDIA GeForce GTX 1080
Entering function `anonymous-namespace'::OnCreateDeviceToTexture
> Adapter Manufacturer                    : NVIDIA
Entering function `anonymous-namespace'::OnCreateDevice
Entering function D3DCommon::CreateQueries
> Adapter Driver Provider                 : NVIDIA
Entering function `anonymous-namespace'::OnResetDeviceToTexture
> Adapter Driver Version                  : 31.0.15.2225
Entering function `anonymous-namespace'::OnResetDevice
> Adapter Driver Date (yy/mm/dd)          : 2022\10\6
Entering function `anonymous-namespace'::OnLostDeviceToTexture
> Has DX9 or better                       : Yes
> Has Pixel shader 2.0 or better          : Yes
Entering function `anonymous-namespace'::OnLostDevice
Entering function D3DCommon::FreeQueries
> Has LDDM Driver                         : Yes
> Dedicated (local) video memory          : 8079MB
Entering function D3DCommon::CreateQueries
Entering function `anonymous-namespace'::OnResetDeviceToTexture
> System memory dedicated as video memory : 0MB
> System memory shared as video memory    : 8140.97MB
Entering function `anonymous-namespace'::OnResetDevice
> Primary Monitor Size                    : 2048 X 1152  (2359296 total pixels)
> WinSAT is Official                       : Yes
Entering function `anonymous-namespace'::OnLostDeviceToTexture
Entering function `anonymous-namespace'::OnLostDevice
Entering function D3DCommon::FreeQueries
Entering function `anonymous-namespace'::OnDestroyDeviceToTexture
Entering function `anonymous-namespace'::OnDestroyDevice
Entering function D3DCommon::DX9Shutdown
Entering function D3DCommon::ProcessLog
> Run Time 00:00:10.30
> Running: WinSAT Direct3D Assessment '-aname Batch -time 5 -fbc 10 -disp off -animate 10 -width 1280 -height 1024 -totalobj 300 -batchcnt C(10) -objs C(26) -rendertotex 6 -rtdelta 3 -texpobj C(1)'
Entering function D3DCommon::StartKernelTracing
> Assessing DirectX Batch Performance
Entering function D3DCommon::ProcessLog
> Run Time 00:00:00.06
> Running: WinSAT Direct3D Assessment '-aname Alpha -time 5 -fbc 10 -disp off -animate 10 -width 1280 -height 1024 -totalobj 300 -batchcnt C(75) -objs C(26) -rendertotex 6 -rtdelta 3 -texpobj C(1)'
Entering function D3DCommon::StartKernelTracing
> Assessing DirectX Alpha blend Performance
Entering function D3DCommon::ProcessLog
> Run Time 00:00:00.06
> Running: WinSAT Direct3D Assessment '-aname Tex -time 5 -fbc 10 -disp off -animate 10 -width 1280 -height 1024 -totalobj 500 -batchcnt C(125) -objs C(20) -noalpha -texshader -totaltex 10 -texpobj C(4) -rendertotex 6 -rtdelta 3'
Entering function D3DCommon::StartKernelTracing
> Assessing DirectX Texture load Performance
Entering function D3DCommon::ProcessLog
> Run Time 00:00:00.09
> Running: WinSAT Direct3D Assessment '-aname ALU -time 5 -fbc 10 -disp off -animate 10 -width 1280 -height 1024 -totalobj 500 -batchcnt C(125) -objs C(20) -noalpha -alushader -totaltex 10 -texpobj C(1) -rendertotex 6 -rtdelta 3'
Entering function D3DCommon::StartKernelTracing
> Assessing DirectX ALU Performance
Entering function D3DCommon::ProcessLog
> Run Time 00:00:00.08
> Running: WinSAT Direct3D Assessment '-dx10  -aname Batch -time 5 -fbc 10 -disp off -animate 10 -width 1280 -height 1024 -totalobj 300 -batchcnt C(10) -objs C(26) -rendertotex 6 -rtdelta 3 -texpobj C(1)'
> Run Time 00:00:00.02
> Running: WinSAT Direct3D Assessment '-dx10  -aname Alpha -time 5 -fbc 10 -disp off -animate 10 -width 1280 -height 1024 -totalobj 300 -batchcnt C(75) -objs C(26) -rendertotex 6 -rtdelta 3 -texpobj C(1)'
> Run Time 00:00:00.00
> Running: WinSAT Direct3D Assessment '-dx10  -aname Tex -time 5 -fbc 10 -disp off -animate 10 -width 1280 -height 1024 -totalobj 500 -batchcnt C(125) -objs C(20) -noalpha -texshader -totaltex 10 -texpobj C(4) -rendertotex 6 -rtdelta 3'
> Run Time 00:00:00.00
> Running: WinSAT Direct3D Assessment '-dx10  -aname ALU -time 5 -fbc 10 -disp off -animate 10 -width 1280 -height 1024 -totalobj 500 -batchcnt C(125) -objs C(20) -noalpha -alushader -totaltex 10 -texpobj C(1) -rendertotex 6 -rtdelta 3'
> Run Time 00:00:00.00
> Running: WinSAT Direct3D Assessment '-dx10  -aname GeomF4 -time 7 -fbc 10 -disp off -animate 10 -width 1280 -height 1024 -totalobj 150;200;241 -batchcnt C(50);C(200);C(300) -objs C(12);C(26);C(45) -noalpha -geomf4shader -texpobj C(0) -rendertotex 6 -rtdelta 3 -tierframes 60 -tiertime 1'
> Run Time 00:00:00.00
> Running: WinSAT Direct3D Assessment '-dx10  -aname GeomV8 -time 7 -fbc 10 -disp off -animate 10 -width 1280 -height 1024 -totalobj 75;100;120 -batchcnt C(25);C(100);C(150) -objs C(8);C(17);C(29) -noalpha -geomv8shader -texpobj C(0) -rendertotex 6 -rtdelta 3 -tierframes 60 -tiertime 1'
> Run Time 00:00:00.00
> Running: WinSAT Direct3D Assessment '-dx10  -aname CBuffer -time 5 -fbc 10 -disp off -animate 10 -width 1280 -height 1024 -totalobj 75 -batchcnt C(25) -objs C(8) -rendertotex 6 -rtdelta 3 -texpobj C(1) -cbuffershader -cbufa 2 -cbuff 5 -cbufp 6'
> Run Time 00:00:00.00
> MOOBE Run Time 00:00:11.39
> Running: CPU Assessment '-encryption -up'
High processor usage expected. Try not to use your Computer as it may affect your CPU score.
> Run Time 00:00:03.08
> Running: CPU Assessment '-compression -up'
> Run Time 00:00:10.08
> Running: CPU Assessment '-encryption2 -up'
> Run Time 00:00:03.06
> Running: CPU Assessment '-compression2 -up'
> Run Time 00:00:10.08
> Running: CPU Assessment '-encryption'
> Run Time 00:00:10.13
> Running: CPU Assessment '-compression'
> Run Time 00:00:10.16
> Running: CPU Assessment '-encryption2'
> Run Time 00:00:10.11
> Running: CPU Assessment '-compression2'
> Run Time 00:00:10.11
> Running: System memory performance assessment ''
High processor usage end.
>              Block size specified as : 64MB  (67108864 bytes)
>                      Max Sample Size : 65536
>                Min Sample Block Size : 10
>                    Number of Threads : 6
>                Page Size Granularity : 0x0000
>                           Block Size : 64MB (0x4000000)
>                   Destination Offset : 64B (0x0040)
> Run Time 00:00:05.47
> Running: Storage Assessment '-seq -read -n 2'
Mode Flags = 0x01080001
Disk Number = 2
Iterations = 1
IO Count = 256
Sequential IO Size = 65536
Random IO Size = 16384
Run[1] Type[0x01080001] Zone[0] - 5739.704405 MB/s
Run[1] Type[0x01080001] Zone[1] - 4747.774481 MB/s
Run[1] Type[0x01080001] Zone[2] - 4788.268742 MB/s
Run[1] Type[0x01080001] Zone[3] - 4838.953576 MB/s
Run[1] Type[0x01080001] Zone[4] - 6594.674800 MB/s
Run[1] Type[0x01080001] Zone[5] - 6599.843254 MB/s
Run[1] Type[0x01080001] Zone[6] - 6571.921466 MB/s
Run[1] Type[0x01080001] Zone[7] - 6554.959236 MB/s
Run[1] Type[0x01080001] Zone[8] - 6569.762667 MB/s
Run[1] Type[0x01080001] Zone[9] - 6600.660066 MB/s
Run[1] Type[0x01080001] Zone[10] - 6622.790678 MB/s
Run[1] Type[0x01080001] Zone[11] - 6602.566748 MB/s
Run[1] Type[0x01080001] Zone[12] - 6451.612903 MB/s
Run[1] Type[0x01080001] Zone[13] - 6580.841525 MB/s
Run[1] Type[0x01080001] Zone[14] - 6627.728760 MB/s
Run[1] Type[0x01080001] Zone[15] - 6622.242457 MB/s
> Run Time 00:00:01.30
Mode Flags = 0x01000002
Disk Number = 2
> Running: Storage Assessment '-ran -read -n 2'
Iterations = 1
IO Count = 1000
Sequential IO Size = 65536
Random IO Size = 16384
Run[1] Type[0x01000002] Zone[0] - 1583.416938 MB/s
> Run Time 00:00:00.08
Mode Flags = 0x01000002
Disk Number = 0
> Running: Storage Assessment '-ran -read -n 0'
Iterations = 1
IO Count = 1000
Sequential IO Size = 65536
Random IO Size = 16384
Run[1] Type[0x01000002] Zone[0] - 110.777184 MB/s
> Run Time 00:00:00.23
Mode Flags = 0x01000002
Disk Number = 1
> Running: Storage Assessment '-ran -read -n 1'
Iterations = 1
IO Count = 1000
Sequential IO Size = 65536
Random IO Size = 16384
Run[1] Type[0x01000002] Zone[0] - 1.336045 MB/s
> Run Time 00:00:11.77
Mode Flags = 0x01000002
Disk Number = 3
> Running: Storage Assessment '-ran -read -n 3'
Iterations = 1
IO Count = 1000
Sequential IO Size = 65536
Random IO Size = 16384
Run[1] Type[0x01000002] Zone[0] - 0.983346 MB/s
> Run Time 00:00:15.98
Mode Flags = 0x01000002
> Running: Storage Assessment '-ran -read -n 4'
Disk Number = 4
Iterations = 1
IO Count = 1000
Sequential IO Size = 65536
Random IO Size = 16384
Run[1] Type[0x01000002] Zone[0] - 1.008334 MB/s
> Run Time 00:00:15.91
> Gathering System Information
> Run Time 00:00:00.00
Entering function D3DCommon::DX9Init
Entering function D3DCommon::DX9Init
Entering function D3DCommon::DX9Shutdown
Entering function D3DCommon::DX9Shutdown
> CPU LZW Compression                          954.93 MB/s
> CPU AES256 Encryption                        12754.73 MB/s
> CPU Vista Compression                        2604.87 MB/s
> CPU SHA1 Hash                                6753.78 MB/s
> Uniproc CPU LZW Compression                  118.58 MB/s
> Uniproc CPU AES256 Encryption                1100.04 MB/s
> Uniproc CPU Vista Compression                316.82 MB/s
> Uniproc CPU SHA1 Hash                        835.11 MB/s
> Memory Performance                           41161.16 MB/s
> Direct3D Batch Performance                   42.00 F/s
> Direct3D Alpha Blend Performance             42.00 F/s
> Direct3D ALU Performance                     42.00 F/s
> Direct3D Texture Load Performance            42.00 F/s
> Direct3D Batch Performance                   42.00 F/s
> Direct3D Alpha Blend Performance             42.00 F/s
> Direct3D ALU Performance                     42.00 F/s
> Direct3D Texture Load Performance            42.00 F/s
> Direct3D Geometry Performance                42.00 F/s
> Direct3D Geometry Performance                42.00 F/s
> Direct3D Constant Buffer Performance         42.00 F/s
> Video Memory Throughput                      133643.00 MB/s
> Dshow Video Encode Time                      0.00000 s
> Dshow Video Decode Time                      0.00000 s
> Media Foundation Decode Time                 0.00000 s
> Disk  Sequential 64.0 Read                   6729.80 MB/s          9.9
> Disk  Random 16.0 Read                       1956.55 MB/s          9.2
> Total Run Time 00:02:09.16
Entering function D3DCommon::DX9Shutdown
> Composition restarted
Stopping ProcessWatcher...
ProcessWatcher stopped
The assessment ran with no warnings or errors
Exit Code W: 0
Exit Code X: 0
Validity Int: 1
Process finished
(ヘ･_･)ヘ┳━┳
